<?xml version="1.0" encoding="UTF-8"?>
<!-- Generated by org.testng.reporters.JUnitReportReporter -->
<testsuite hostname="LAPTOP-MVDJNI5C" name="com.wallmonkey.test.Add2CartTest" tests="1" failures="0" timestamp="25 Oct 2018 21:35:59 GMT" time="23.492" errors="0">
  <testcase name="additemtocart" time="23.492" classname="com.wallmonkey.test.Add2CartTest"/>
</testsuite> <!-- com.wallmonkey.test.Add2CartTest -->
