<?xml version="1.0" encoding="UTF-8"?>
<!-- Generated by org.testng.reporters.JUnitReportReporter -->
<testsuite hostname="LAPTOP-MVDJNI5C" name="com.wallmonkey.test.LoginTest" tests="1" failures="0" timestamp="24 Oct 2018 19:13:25 GMT" time="14.413" errors="0">
  <testcase name="loginwithvalid" time="14.413" classname="com.wallmonkey.test.LoginTest"/>
</testsuite> <!-- com.wallmonkey.test.LoginTest -->
