<?xml version="1.0" encoding="UTF-8"?>
<!-- Generated by org.testng.reporters.JUnitReportReporter -->
<testsuite hostname="LAPTOP-MVDJNI5C" name="com.wallmonkey.test.LoginTest" tests="1" failures="0" timestamp="25 Oct 2018 20:23:06 GMT" time="9.067" errors="0">
  <testcase name="loginwithvalid" time="9.067" classname="com.wallmonkey.test.LoginTest"/>
</testsuite> <!-- com.wallmonkey.test.LoginTest -->
